<?xml version="1.0" encoding="UTF-8"?>
<!-- Generated by org.testng.reporters.JUnitReportReporter -->
<testsuite hostname="LAPTOP-JUND32GT" failures="0" tests="1" name="Test_delete_API" time="2.140" errors="0" timestamp="2024-07-25T10:44:14 IST" skipped="0">
  <testcase classname="Test_delete_API" name="delete_api" time="2.140"/>
</testsuite> <!-- Test_delete_API -->
