<?xml version="1.0" encoding="UTF-8"?>
<!-- Generated by org.testng.reporters.JUnitReportReporter -->
<testsuite hostname="LAPTOP-JUND32GT" failures="0" tests="1" name="bearer_token" time="2.597" errors="0" timestamp="2024-07-27T08:57:35 IST" skipped="0">
  <testcase classname="bearer_token" name="bearer_method" time="2.597"/>
</testsuite> <!-- bearer_token -->
