<?xml version="1.0" encoding="UTF-8"?>
<!-- Generated by org.testng.reporters.JUnitReportReporter -->
<testsuite hostname="LAPTOP-JUND32GT" failures="0" tests="1" name="IgnoreUnknownProperties.IgnoreUnknownProperties" time="1.882" errors="0" timestamp="2024-07-30T10:56:30 IST" skipped="0">
  <testcase classname="IgnoreUnknownProperties.IgnoreUnknownProperties" name="ignoreUnknownFromResponse" time="1.882"/>
  <system-out/>
</testsuite> <!-- IgnoreUnknownProperties.IgnoreUnknownProperties -->
