<?xml version="1.0" encoding="UTF-8"?>
<!-- Generated by org.testng.reporters.JUnitReportReporter -->
<testsuite hostname="LAPTOP-JUND32GT" failures="0" tests="1" name="queryReqSpec" time="2.177" errors="0" timestamp="2024-07-27T15:02:08 IST" skipped="0">
  <testcase classname="queryReqSpec" name="queryReqSpec_method" time="2.177"/>
</testsuite> <!-- queryReqSpec -->
