<?xml version="1.0" encoding="UTF-8"?>
<!-- Generated by org.testng.reporters.JUnitReportReporter -->
<testsuite hostname="LAPTOP-JUND32GT" failures="0" tests="2" name="jsonObjectUsingMap" time="2.016" errors="0" timestamp="2024-07-28T08:35:06 IST" skipped="1">
  <testcase classname="jsonObjectUsingMap" name="complexJsonObject" time="2.016"/>
  <system-out/>
  <testcase classname="jsonObjectUsingMap" name="createSimpleObject">
    <skipped/>
  </testcase> <!-- createSimpleObject -->
  <system-out/>
</testsuite> <!-- jsonObjectUsingMap -->
