<?xml version="1.0" encoding="UTF-8"?>
<!-- Generated by org.testng.reporters.JUnitReportReporter -->
<testsuite hostname="LAPTOP-JUND32GT" failures="0" tests="3" name="Headers.ReqHeadersImplemention" time="1.450" errors="0" timestamp="2024-07-30T15:40:48 IST" skipped="2">
  <testcase classname="Headers.ReqHeadersImplemention" name="usingHeaderClass" time="1.450"/>
  <system-out/>
  <testcase classname="Headers.ReqHeadersImplemention" name="simpleHeader">
    <skipped/>
  </testcase> <!-- simpleHeader -->
  <system-out/>
  <testcase classname="Headers.ReqHeadersImplemention" name="hadersMethod">
    <skipped/>
  </testcase> <!-- hadersMethod -->
  <system-out/>
</testsuite> <!-- Headers.ReqHeadersImplemention -->
