<?xml version="1.0" encoding="UTF-8"?>
<!-- Generated by org.testng.reporters.JUnitReportReporter -->
<testsuite hostname="LAPTOP-JUND32GT" failures="0" tests="2" name="Test_post_Method" time="3.032" errors="0" timestamp="2024-07-25T10:58:59 IST" skipped="0">
  <testcase classname="Test_post_Method" name="test03" time="2.604"/>
  <testcase classname="Test_post_Method" name="patch_test" time="0.428"/>
</testsuite> <!-- Test_post_Method -->
