<?xml version="1.0" encoding="UTF-8"?>
<!-- Generated by org.testng.reporters.JUnitReportReporter -->
<testsuite hostname="LAPTOP-JUND32GT" failures="0" tests="1" name="ElliminateEmptyDefaultNull.CreateObjectToString" time="1.808" errors="0" timestamp="2024-07-29T22:55:04 IST" skipped="0">
  <testcase classname="ElliminateEmptyDefaultNull.CreateObjectToString" name="sampleObject" time="1.808"/>
  <system-out/>
</testsuite> <!-- ElliminateEmptyDefaultNull.CreateObjectToString -->
