<?xml version="1.0" encoding="UTF-8"?>
<!-- Generated by org.testng.reporters.JUnitReportReporter -->
<testsuite hostname="LAPTOP-JUND32GT" failures="0" tests="2" name="Test_post_Method" time="2.490" errors="0" timestamp="2024-07-28T15:13:00 IST" skipped="0">
  <testcase classname="Test_post_Method" name="test03" time="2.094"/>
  <system-out/>
  <testcase classname="Test_post_Method" name="patch_test" time="0.396"/>
  <system-out/>
</testsuite> <!-- Test_post_Method -->
