<?xml version="1.0" encoding="UTF-8"?>
<!-- Generated by org.testng.reporters.JUnitReportReporter -->
<testsuite hostname="LAPTOP-JUND32GT" failures="0" tests="1" name="Test_put_method" time="1.628" errors="0" timestamp="2024-07-25T10:38:46 IST" skipped="0">
  <testcase classname="Test_put_method" name="putTest" time="1.628"/>
</testsuite> <!-- Test_put_method -->
