<?xml version="1.0" encoding="UTF-8"?>
<!-- Generated by org.testng.reporters.JUnitReportReporter -->
<testsuite hostname="LAPTOP-JUND32GT" failures="0" tests="1" name="ComplexObjectToString.ConvertObjectToString" time="1.990" errors="0" timestamp="2024-07-29T21:06:50 IST" skipped="0">
  <testcase classname="ComplexObjectToString.ConvertObjectToString" name="nestedObjectTostring" time="1.990"/>
  <system-out/>
</testsuite> <!-- ComplexObjectToString.ConvertObjectToString -->
