<?xml version="1.0" encoding="UTF-8"?>
<!-- Generated by org.testng.reporters.JUnitReportReporter -->
<testsuite hostname="LAPTOP-JUND32GT" failures="0" tests="4" name="Headers.ReqHeadersImplemention" time="1.381" errors="0" timestamp="2024-07-30T16:40:06 IST" skipped="3">
  <testcase classname="Headers.ReqHeadersImplemention" name="bddApproach" time="1.381"/>
  <system-out/>
  <testcase classname="Headers.ReqHeadersImplemention" name="simpleHeader">
    <skipped/>
  </testcase> <!-- simpleHeader -->
  <system-out/>
  <testcase classname="Headers.ReqHeadersImplemention" name="hadersMethod">
    <skipped/>
  </testcase> <!-- hadersMethod -->
  <system-out/>
  <testcase classname="Headers.ReqHeadersImplemention" name="usingHeaderClass">
    <skipped/>
  </testcase> <!-- usingHeaderClass -->
  <system-out/>
</testsuite> <!-- Headers.ReqHeadersImplemention -->
