<?xml version="1.0" encoding="UTF-8"?>
<!-- Generated by org.testng.reporters.JUnitReportReporter -->
<testsuite hostname="LAPTOP-JUND32GT" failures="0" tests="2" name="basicAndDigestAuth" time="3.782" errors="0" timestamp="2024-07-25T19:58:19 IST" skipped="0">
  <testcase classname="basicAndDigestAuth" name="digestAuth" time="1.459"/>
  <testcase classname="basicAndDigestAuth" name="basicAuth" time="2.323"/>
</testsuite> <!-- basicAndDigestAuth -->
