<?xml version="1.0" encoding="UTF-8"?>
<!-- Generated by org.testng.reporters.JUnitReportReporter -->
<testsuite hostname="LAPTOP-JUND32GT" failures="0" tests="4" name="mockCURDOpetaion" time="0.714" errors="0" timestamp="2024-07-28T18:57:59 IST" skipped="2">
  <testcase classname="mockCURDOpetaion" name="createResource" time="0.658"/>
  <system-out/>
  <testcase classname="mockCURDOpetaion" name="getResource" time="0.056"/>
  <system-out/>
  <testcase classname="mockCURDOpetaion" name="updateResource">
    <skipped/>
  </testcase> <!-- updateResource -->
  <system-out/>
  <testcase classname="mockCURDOpetaion" name="deleteResource">
    <skipped/>
  </testcase> <!-- deleteResource -->
  <system-out/>
</testsuite> <!-- mockCURDOpetaion -->
