<?xml version="1.0" encoding="UTF-8"?>
<!-- Generated by org.testng.reporters.JUnitReportReporter -->
<testsuite hostname="LAPTOP-JUND32GT" failures="0" tests="1" name="NestedObjectToString.ConvertNestedObjectToString" time="1.761" errors="0" timestamp="2024-07-29T18:24:05 IST" skipped="0">
  <testcase classname="NestedObjectToString.ConvertNestedObjectToString" name="nestedObjToString" time="1.761"/>
  <system-out/>
</testsuite> <!-- NestedObjectToString.ConvertNestedObjectToString -->
