<?xml version="1.0" encoding="UTF-8"?>
<!-- Generated by org.testng.reporters.JUnitReportReporter -->
<testsuite hostname="LAPTOP-JUND32GT" failures="0" tests="3" name="xml_req_res_handling" time="2.863" errors="0" timestamp="2024-07-27T20:26:54 IST" skipped="2">
  <testcase classname="xml_req_res_handling" name="xml_validation" time="2.863"/>
  <testcase classname="xml_req_res_handling" name="xml_req_res_handle">
    <skipped/>
  </testcase> <!-- xml_req_res_handle -->
  <testcase classname="xml_req_res_handling" name="json_req_res_handle">
    <skipped/>
  </testcase> <!-- json_req_res_handle -->
</testsuite> <!-- xml_req_res_handling -->
