<?xml version="1.0" encoding="UTF-8"?>
<!-- Generated by org.testng.reporters.JUnitReportReporter -->
<testsuite hostname="LAPTOP-JUND32GT" failures="0" tests="3" name="fileUploadAction" time="3.001" errors="0" timestamp="2024-07-28T16:39:48 IST" skipped="2">
  <testcase classname="fileUploadAction" name="uploadFileAgain" time="3.001"/>
  <system-out/>
  <testcase classname="fileUploadAction" name="fileUploadActions">
    <skipped/>
  </testcase> <!-- fileUploadActions -->
  <system-out/>
  <testcase classname="fileUploadAction" name="uploadFileReal">
    <skipped/>
  </testcase> <!-- uploadFileReal -->
  <system-out/>
</testsuite> <!-- fileUploadAction -->
