<?xml version="1.0" encoding="UTF-8"?>
<!-- Generated by org.testng.reporters.JUnitReportReporter -->
<testsuite hostname="LAPTOP-JUND32GT" failures="0" tests="1" name="JsonSchemaValidator.SchemaJsonValidator" time="2.042" errors="0" timestamp="2024-07-31T09:31:31 IST" skipped="0">
  <testcase classname="JsonSchemaValidator.SchemaJsonValidator" name="schemaValidation" time="2.042"/>
  <system-out/>
</testsuite> <!-- JsonSchemaValidator.SchemaJsonValidator -->
