<?xml version="1.0" encoding="UTF-8"?>
<!-- Generated by org.testng.reporters.JUnitReportReporter -->
<testsuite hostname="LAPTOP-JUND32GT" failures="0" tests="2" name="auth_2" time="3.608" errors="0" timestamp="2024-07-27T12:20:44 IST" skipped="0">
  <testcase classname="auth_2" name="auth_2_method" time="2.634"/>
  <testcase classname="auth_2" name="get_invoice" time="0.974"/>
</testsuite> <!-- auth_2 -->
