<?xml version="1.0" encoding="UTF-8"?>
<!-- Generated by org.testng.reporters.JUnitReportReporter -->
<testsuite hostname="LAPTOP-JUND32GT" failures="0" tests="1" name="IgnoreFiledsInPoJo.SerailandDeserialOfObject" time="1.816" errors="0" timestamp="2024-07-30T10:31:02 IST" skipped="0">
  <testcase classname="IgnoreFiledsInPoJo.SerailandDeserialOfObject" name="ignoreProperties" time="1.816"/>
  <system-out/>
</testsuite> <!-- IgnoreFiledsInPoJo.SerailandDeserialOfObject -->
