<?xml version="1.0" encoding="UTF-8"?>
<!-- Generated by org.testng.reporters.JUnitReportReporter -->
<testsuite hostname="LAPTOP-JUND32GT" failures="0" tests="1" name="JsonSchemaValidator.JsonSchemaValidator" time="1.371" errors="0" timestamp="2024-07-30T18:38:26 IST" skipped="0">
  <testcase classname="JsonSchemaValidator.JsonSchemaValidator" name="schemaValidation" time="1.371"/>
  <system-out/>
</testsuite> <!-- JsonSchemaValidator.JsonSchemaValidator -->
