<?xml version="1.0" encoding="UTF-8"?>
<!-- Generated by org.testng.reporters.JUnitReportReporter -->
<testsuite hostname="LAPTOP-JUND32GT" failures="0" tests="1" name="queryValidation" time="1.694" errors="0" timestamp="2024-07-25T17:48:04 IST" skipped="0">
  <testcase classname="queryValidation" name="filterItems" time="1.694"/>
</testsuite> <!-- queryValidation -->
