<?xml version="1.0" encoding="UTF-8"?>
<!-- Generated by org.testng.reporters.JUnitReportReporter -->
<testsuite hostname="LAPTOP-JUND32GT" failures="0" tests="1" name="jsonArraySerialization.jsonArrayToJsonString" time="2.781" errors="0" timestamp="2024-07-29T09:57:35 IST" skipped="0">
  <testcase classname="jsonArraySerialization.jsonArrayToJsonString" name="jsonArrayToString" time="2.781"/>
  <system-out/>
</testsuite> <!-- jsonArraySerialization.jsonArrayToJsonString -->
