<?xml version="1.0" encoding="UTF-8"?>
<!-- Generated by org.testng.reporters.JUnitReportReporter -->
<testsuite hostname="LAPTOP-JUND32GT" failures="0" tests="1" name="deserialisation" time="2.211" errors="0" timestamp="2024-07-27T13:45:21 IST" skipped="0">
  <testcase classname="deserialisation" name="deserial_method" time="2.211"/>
</testsuite> <!-- deserialisation -->
