<?xml version="1.0" encoding="UTF-8"?>
<!-- Generated by org.testng.reporters.JUnitReportReporter -->
<testsuite hostname="LAPTOP-JUND32GT" failures="0" tests="2" name="JsonExtractor.ExtractJsonResponse" time="1.332" errors="0" timestamp="2024-07-31T22:02:50 IST" skipped="1">
  <testcase classname="JsonExtractor.ExtractJsonResponse" name="directTest" time="1.332"/>
  <system-out/>
  <testcase classname="JsonExtractor.ExtractJsonResponse" name="extractResponse">
    <skipped/>
  </testcase> <!-- extractResponse -->
  <system-out/>
</testsuite> <!-- JsonExtractor.ExtractJsonResponse -->
