<?xml version="1.0" encoding="UTF-8"?>
<!-- Generated by org.testng.reporters.JUnitReportReporter -->
<testsuite hostname="LAPTOP-JUND32GT" failures="0" tests="2" name="ResponseBuilder_Specification.ResBuilderAndSpec" time="1.261" errors="0" timestamp="2024-08-03T12:21:52 IST" skipped="0">
  <testcase classname="ResponseBuilder_Specification.ResBuilderAndSpec" name="validateResponseWithRegularApproach" time="0.159"/>
  <system-out/>
  <testcase classname="ResponseBuilder_Specification.ResBuilderAndSpec" name="validateResponse" time="1.102"/>
  <system-out/>
</testsuite> <!-- ResponseBuilder_Specification.ResBuilderAndSpec -->
