<?xml version="1.0" encoding="UTF-8"?>
<!-- Generated by org.testng.reporters.JUnitReportReporter -->
<testsuite hostname="LAPTOP-JUND32GT" failures="0" tests="3" name="AssertStatusCode" time="1.283" errors="0" timestamp="2024-07-25T13:09:18 IST" skipped="2">
  <testcase classname="AssertStatusCode" name="bbdApproach" time="1.283"/>
  <testcase classname="AssertStatusCode" name="assert_status">
    <skipped/>
  </testcase> <!-- assert_status -->
  <testcase classname="AssertStatusCode" name="validatableResponse">
    <skipped/>
  </testcase> <!-- validatableResponse -->
</testsuite> <!-- AssertStatusCode -->
