<?xml version="1.0" encoding="UTF-8"?>
<!-- Generated by org.testng.reporters.JUnitReportReporter -->
<testsuite hostname="LAPTOP-JUND32GT" failures="0" tests="1" name="jsonResValidation" time="1.835" errors="0" timestamp="2024-07-25T16:32:12 IST" skipped="0">
  <testcase classname="jsonResValidation" name="jsonValiadtion" time="1.835"/>
</testsuite> <!-- jsonResValidation -->
