<?xml version="1.0" encoding="UTF-8"?>
<!-- Generated by org.testng.reporters.JUnitReportReporter -->
<testsuite hostname="LAPTOP-JUND32GT" failures="0" tests="1" name="MockAPisAndSerial_Deserial.MockAPIResponse" time="1.870" errors="0" timestamp="2024-07-30T13:49:43 IST" skipped="0">
  <testcase classname="MockAPisAndSerial_Deserial.MockAPIResponse" name="mockAPiResponse" time="1.870"/>
  <system-out/>
</testsuite> <!-- MockAPisAndSerial_Deserial.MockAPIResponse -->
