<?xml version="1.0" encoding="UTF-8"?>
<!-- Generated by org.testng.reporters.JUnitReportReporter -->
<testsuite hostname="LAPTOP-JUND32GT" failures="0" tests="1" name="FristGetRequest" time="1.368" errors="0" timestamp="2024-07-24T23:28:54 IST" skipped="0">
  <testcase classname="FristGetRequest" name="testCase01" time="1.368"/>
</testsuite> <!-- FristGetRequest -->
