<?xml version="1.0" encoding="UTF-8"?>
<!-- Generated by org.testng.reporters.JUnitReportReporter -->
<testsuite hostname="LAPTOP-JUND32GT" failures="0" tests="1" name="serialAndDeserial" time="1.627" errors="0" timestamp="2024-07-28T23:07:10 IST" skipped="0">
  <testcase classname="serialAndDeserial" name="classObjToJsonString" time="1.627"/>
  <system-out/>
</testsuite> <!-- serialAndDeserial -->
