<?xml version="1.0" encoding="UTF-8"?>
<!-- Generated by org.testng.reporters.JUnitReportReporter -->
<testsuite hostname="LAPTOP-JUND32GT" failures="0" tests="3" name="Test_get_method" time="1.852" errors="0" timestamp="2024-07-25T09:22:39 IST" skipped="0">
  <testcase classname="Test_get_method" name="test03" time="0.126"/>
  <testcase classname="Test_get_method" name="test02" time="0.157"/>
  <testcase classname="Test_get_method" name="test01" time="1.569"/>
</testsuite> <!-- Test_get_method -->
