<?xml version="1.0" encoding="UTF-8"?>
<!-- Generated by org.testng.reporters.JUnitReportReporter -->
<testsuite hostname="LAPTOP-JUND32GT" failures="0" tests="1" name="api_key" time="2.061" errors="0" timestamp="2024-07-27T10:28:20 IST" skipped="0">
  <testcase classname="api_key" name="apiKey_method" time="2.061"/>
</testsuite> <!-- api_key -->
