<?xml version="1.0" encoding="UTF-8"?>
<!-- Generated by org.testng.reporters.JUnitReportReporter -->
<testsuite hostname="LAPTOP-JUND32GT" failures="0" tests="2" name="jsonArraywithJsonObject" time="1.823" errors="0" timestamp="2024-07-28T12:44:36 IST" skipped="1">
  <testcase classname="jsonArraywithJsonObject" name="jsonObjectWithArrayList" time="1.823"/>
  <system-out/>
  <testcase classname="jsonArraywithJsonObject" name="jsonArrayWithObject">
    <skipped/>
  </testcase> <!-- jsonArrayWithObject -->
  <system-out/>
</testsuite> <!-- jsonArraywithJsonObject -->
