<?xml version="1.0" encoding="UTF-8"?>
<!-- Generated by org.testng.reporters.JUnitReportReporter -->
<testsuite hostname="LAPTOP-JUND32GT" failures="0" tests="2" name="ResponseBuilder_Specification.ResBuilderAndSpec" time="1.315" errors="0" timestamp="2024-07-30T17:32:05 IST" skipped="0">
  <testcase classname="ResponseBuilder_Specification.ResBuilderAndSpec" name="validateResponse" time="1.079"/>
  <system-out/>
  <testcase classname="ResponseBuilder_Specification.ResBuilderAndSpec" name="validateResponseWithRegularApproach" time="0.236"/>
  <system-out/>
</testsuite> <!-- ResponseBuilder_Specification.ResBuilderAndSpec -->
